<?xml version="1.0" encoding="UTF-8"?>
<!-- Generated by org.testng.reporters.JUnitReportReporter -->
<testsuite hostname="TYSS-Chandana-M" failures="0" tests="1" name="package_01.Launch_01" time="6.674" errors="0" timestamp="2024-04-02T16:10:55 IST" skipped="0">
  <testcase classname="package_01.Launch_01" name="launch" time="6.674"/>
  <system-out/>
</testsuite> <!-- package_01.Launch_01 -->
