<?xml version="1.0" encoding="UTF-8"?>
<!-- Generated by org.testng.reporters.JUnitReportReporter -->
<testsuite hostname="TYSS-Chandana-M" failures="0" tests="1" name="package_01.Launch_01_Test" time="6.436" errors="0" timestamp="2024-04-03T15:43:36 IST" skipped="0">
  <testcase classname="package_01.Launch_01_Test" name="launch" time="6.436"/>
  <system-out>
package1,script-01  </system-out>
</testsuite> <!-- package_01.Launch_01_Test -->
