<?xml version="1.0" encoding="UTF-8"?>
<!-- Generated by org.testng.reporters.JUnitReportReporter -->
<testsuite hostname="TYSS-Chandana-M" failures="0" tests="1" name="package_02.Launch_04_Test" time="4.640" errors="0" timestamp="2024-04-19T12:40:24 IST" skipped="0">
  <testcase classname="package_02.Launch_04_Test" name="launch" time="4.640"/>
  <system-out>
package2,script-02  </system-out>
</testsuite> <!-- package_02.Launch_04_Test -->
