<?xml version="1.0" encoding="UTF-8"?>
<!-- Generated by org.testng.reporters.JUnitReportReporter -->
<testsuite hostname="TYSS-Chandana-M" failures="0" tests="1" name="extent_reports.Demo_01" time="6.784" errors="0" timestamp="2024-04-25T11:46:23 IST" skipped="0">
  <testcase classname="extent_reports.Demo_01" name="report" time="6.784"/>
  <system-out/>
</testsuite> <!-- extent_reports.Demo_01 -->
